<?xml version="1.0" encoding="UTF-8"?>
<!-- Generated by org.testng.reporters.JUnitReportReporter -->
<testsuite hostname="Dimple-laptop" failures="0" tests="1" name="Runner.TestRunner" time="3.754" errors="0" timestamp="2024-03-29T12:32:33 GMT-04:00" skipped="0">
  <testcase classname="Runner.TestRunner" name="runScenario" time="3.754"/>
  <system-out/>
</testsuite> <!-- Runner.TestRunner -->
